<?xml version="1.0" encoding="UTF-8"?>
<testsuite name="gppJunitTests.Test04" tests="1" skipped="0" failures="0" errors="0" timestamp="2020-02-28T09:56:07" hostname="Jon-Xpc" time="0.007">
  <properties/>
  <testcase name="test" classname="gppJunitTests.Test04" time="0.007"/>
  <system-out><![CDATA[4: Final Sum = 840 from 2 data sets with final instance 2 max clone is 0 ... W-values = w1: 0, w2: 0, w3: 0
]]></system-out>
  <system-err><![CDATA[]]></system-err>
</testsuite>
