<?xml version="1.0" encoding="UTF-8"?>
<testsuite name="gppJunitTests.Test22" tests="1" skipped="0" failures="0" errors="0" timestamp="2020-02-28T09:56:07" hostname="Jon-Xpc" time="0.003">
  <properties/>
  <testcase name="test" classname="gppJunitTests.Test22" time="0.003"/>
  <system-out><![CDATA[22: Final Sum = 231 from 21 data sets with final instance 21 max clone is 0 ... W-values = w1: 231, w2: 2331, w3: 21231
]]></system-out>
  <system-err><![CDATA[]]></system-err>
</testsuite>
