<?xml version="1.0" encoding="UTF-8"?>
<testsuite name="gppJunitTests.Test39" tests="1" skipped="0" failures="0" errors="0" timestamp="2020-02-28T09:56:07" hostname="Jon-Xpc" time="0.008">
  <properties/>
  <testcase name="test" classname="gppJunitTests.Test39" time="0.008"/>
  <system-out><![CDATA[39: Final Sum = 630 from 60 data sets with final instance 20 max clone is 0 ... W-values = w1: 0, w2: 0, w3: 0
]]></system-out>
  <system-err><![CDATA[]]></system-err>
</testsuite>
