<?xml version="1.0" encoding="UTF-8"?>
<testsuite name="gppJunitTests.Test38" tests="1" skipped="0" failures="0" errors="0" timestamp="2021-03-01T16:47:25" hostname="JON-XPC" time="0.005">
  <properties/>
  <testcase name="test" classname="gppJunitTests.Test38" time="0.005"/>
  <system-out><![CDATA[38: Final Sum = 210 from 20 data sets with final instance 20 max clone is 0 ... W-values = w1: 0, w2: 0, w3: 0
 Clone Order =  0 0 0 0 0 0 0 0 0 0 0 0 0 0 0 0 0 0 0 0
]]></system-out>
  <system-err><![CDATA[]]></system-err>
</testsuite>
