<?xml version="1.0" encoding="UTF-8"?>
<testsuite name="gppJunitTests.Test33" tests="1" skipped="0" failures="0" errors="0" timestamp="2020-02-28T09:56:07" hostname="Jon-Xpc" time="0.006">
  <properties/>
  <testcase name="test" classname="gppJunitTests.Test33" time="0.006"/>
  <system-out><![CDATA[33: Final Sum = 210 from 20 data sets with final instance 20 max clone is 0 ... W-values = w1: 210, w2: 210, w3: 210
]]></system-out>
  <system-err><![CDATA[]]></system-err>
</testsuite>
